<?xml version="1.0" encoding="UTF-8"?>
<!-- Generated by org.testng.reporters.JUnitXMLReporter -->
<testsuite ignored="0" hostname="LAPTOP-TGKCHCOH" failures="0" tests="5" name="Test" time="22.479" errors="0" timestamp="2025-02-24T22:29:06 CST">
  <testcase classname="salesforcetestcases.SDFCLoginTestCase" name="LoginErrorMessage_TC01" time="2.071"/>
  <testcase classname="salesforcetestcases.SDFCLoginTestCase" name="LoginToSalesForce_TC02" time="3.169"/>
  <testcase classname="salesforcetestcases.SDFCLoginTestCase" name="CheckRemeberMe_TC03" time="3.301"/>
  <testcase classname="salesforcetestcases.SDFCLoginTestCase" name="ForgotPassword_TC04A" time="2.884"/>
  <testcase classname="salesforcetestcases.SDFCLoginTestCase" name="ForgotPassword_TC04B" time="2.169"/>
</testsuite> <!-- Test -->
