<?xml version="1.0" encoding="UTF-8"?>
<!-- Generated by org.testng.reporters.JUnitXMLReporter -->
<testsuite ignored="2" hostname="LAPTOP-TGKCHCOH" failures="0" tests="1" name="Default test" time="8.172" errors="0" timestamp="2025-03-04T19:19:11 CST">
  <testcase classname="salesforcetestcases.SDFCCreateAccountTestcase" name="mergeaccounts_TC13" time="5.612"/>
  <testcase classname="salesforcetestcases.SDFCCreateAccountTestcase" name="createnewview_TC11" time="0.0">
    <ignored/>
  </testcase> <!-- createnewview_TC11 -->
  <testcase classname="salesforcetestcases.SDFCCreateAccountTestcase" name="createaccount_TC10" time="0.0">
    <ignored/>
  </testcase> <!-- createaccount_TC10 -->
</testsuite> <!-- Default test -->
