<?xml version="1.0" encoding="UTF-8"?>
<testng-results ignored="4" total="5" passed="0" failed="1" skipped="0">
  <reporter-output>
  </reporter-output>
  <suite started-at="2025-04-01T18:08:02 CDT" name="Default suite" finished-at="2025-04-01T18:08:12 CDT" duration-ms="9676">
    <groups>
    </groups>
    <test started-at="2025-04-01T18:08:02 CDT" name="Default test" finished-at="2025-04-01T18:08:12 CDT" duration-ms="9676">
      <class name="salesforcetestcases.SalesForceUserMenuTestCase">
        <test-method is-config="true" signature="SetUp()[pri:0, instance:salesforcetestcases.SalesForceUserMenuTestCase@6025e1b6]" started-at="2025-04-01T18:08:02 CDT" name="SetUp" finished-at="2025-04-01T18:08:02 CDT" duration-ms="230" status="PASS">
          <reporter-output>
          </reporter-output>
        </test-method> <!-- SetUp -->
        <test-method is-config="true" signature="setupBrowser(java.lang.reflect.Method)[pri:0, instance:salesforcetestcases.SalesForceUserMenuTestCase@6025e1b6]" started-at="2025-04-01T18:08:02 CDT" name="setupBrowser" finished-at="2025-04-01T18:08:04 CDT" duration-ms="1698" status="PASS">
          <params>
            <param index="0">
              <value>
                <![CDATA[public void salesforcetestcases.SalesForceUserMenuTestCase.mysettingoption_TC07(java.lang.reflect.Method) throws java.lang.InterruptedException,java.io.FileNotFoundException,java.io.IOException]]>
              </value>
            </param>
          </params>
          <reporter-output>
          </reporter-output>
        </test-method> <!-- setupBrowser -->
        <test-method signature="mysettingoption_TC07(java.lang.reflect.Method)[pri:3, instance:salesforcetestcases.SalesForceUserMenuTestCase@6025e1b6]" started-at="2025-04-01T18:08:04 CDT" name="mysettingoption_TC07" finished-at="2025-04-01T18:08:11 CDT" duration-ms="7649" status="FAIL">
          <params>
            <param index="0">
              <value>
                <![CDATA[public void salesforcetestcases.SalesForceUserMenuTestCase.mysettingoption_TC07(java.lang.reflect.Method) throws java.lang.InterruptedException,java.io.FileNotFoundException,java.io.IOException]]>
              </value>
            </param>
          </params>
          <exception class="org.openqa.selenium.NoSuchElementException">
            <message>
              <![CDATA[Cannot locate option with text: Reports
For documentation on this error, please visit: https://www.selenium.dev/documentation/webdriver/troubleshooting/errors#no-such-element-exception
Build info: version: '4.16.0', revision: '15400459dd*'
System info: os.name: 'Windows 11', os.arch: 'amd64', os.version: '10.0', java.version: '19.0.2'
Driver info: driver.version: unknown]]>
            </message>
            <full-stacktrace>
              <![CDATA[org.openqa.selenium.NoSuchElementException: Cannot locate option with text: Reports
For documentation on this error, please visit: https://www.selenium.dev/documentation/webdriver/troubleshooting/errors#no-such-element-exception
Build info: version: '4.16.0', revision: '15400459dd*'
System info: os.name: 'Windows 11', os.arch: 'amd64', os.version: '10.0', java.version: '19.0.2'
Driver info: driver.version: unknown
at org.openqa.selenium.support.ui.Select.selectByVisibleText(Select.java:167)
at salesforcetestcases.SalesForceUserMenuTestCase.mysettingoption_TC07(SalesForceUserMenuTestCase.java:211)
at java.base/jdk.internal.reflect.DirectMethodHandleAccessor.invoke(DirectMethodHandleAccessor.java:104)
at java.base/java.lang.reflect.Method.invoke(Method.java:578)
at org.testng.internal.MethodInvocationHelper.invokeMethod(MethodInvocationHelper.java:133)
at org.testng.internal.TestInvoker.invokeMethod(TestInvoker.java:598)
at org.testng.internal.TestInvoker.invokeTestMethod(TestInvoker.java:173)
at org.testng.internal.MethodRunner.runInSequence(MethodRunner.java:46)
at org.testng.internal.TestInvoker$MethodInvocationAgent.invoke(TestInvoker.java:824)
at org.testng.internal.TestInvoker.invokeTestMethods(TestInvoker.java:146)
at org.testng.internal.TestMethodWorker.invokeTestMethods(TestMethodWorker.java:146)
at org.testng.internal.TestMethodWorker.run(TestMethodWorker.java:128)
at java.base/java.util.ArrayList.forEach(ArrayList.java:1511)
at org.testng.TestRunner.privateRun(TestRunner.java:794)
at org.testng.TestRunner.run(TestRunner.java:596)
at org.testng.SuiteRunner.runTest(SuiteRunner.java:377)
at org.testng.SuiteRunner.runSequentially(SuiteRunner.java:371)
at org.testng.SuiteRunner.privateRun(SuiteRunner.java:332)
at org.testng.SuiteRunner.run(SuiteRunner.java:276)
at org.testng.SuiteRunnerWorker.runSuite(SuiteRunnerWorker.java:53)
at org.testng.SuiteRunnerWorker.run(SuiteRunnerWorker.java:96)
at org.testng.TestNG.runSuitesSequentially(TestNG.java:1212)
at org.testng.TestNG.runSuitesLocally(TestNG.java:1134)
at org.testng.TestNG.runSuites(TestNG.java:1063)
at org.testng.TestNG.run(TestNG.java:1031)
at org.testng.remote.AbstractRemoteTestNG.run(AbstractRemoteTestNG.java:115)
at org.testng.remote.RemoteTestNG.initAndRun(RemoteTestNG.java:251)
at org.testng.remote.RemoteTestNG.main(RemoteTestNG.java:77)
]]>
            </full-stacktrace>
          </exception> <!-- org.openqa.selenium.NoSuchElementException -->
          <reporter-output>
          </reporter-output>
        </test-method> <!-- mysettingoption_TC07 -->
        <test-method is-config="true" signature="closeBrowser()[pri:0, instance:salesforcetestcases.SalesForceUserMenuTestCase@6025e1b6]" started-at="2025-04-01T18:08:11 CDT" name="closeBrowser" finished-at="2025-04-01T18:08:12 CDT" duration-ms="297" status="PASS">
          <reporter-output>
          </reporter-output>
        </test-method> <!-- closeBrowser -->
        <test-method is-config="true" signature="teardown()[pri:0, instance:salesforcetestcases.SalesForceUserMenuTestCase@6025e1b6]" started-at="2025-04-01T18:08:12 CDT" name="teardown" finished-at="2025-04-01T18:08:12 CDT" duration-ms="327" status="PASS">
          <reporter-output>
          </reporter-output>
        </test-method> <!-- teardown -->
      </class> <!-- salesforcetestcases.SalesForceUserMenuTestCase -->
    </test> <!-- Default test -->
  </suite> <!-- Default suite -->
</testng-results>
