<?xml version="1.0" encoding="UTF-8"?>
<testng-results ignored="2" total="3" passed="1" failed="0" skipped="0">
  <reporter-output>
  </reporter-output>
  <suite started-at="2025-03-04T19:19:03 CST" name="Default suite" finished-at="2025-03-04T19:19:11 CST" duration-ms="8172">
    <groups>
    </groups>
    <test started-at="2025-03-04T19:19:03 CST" name="Default test" finished-at="2025-03-04T19:19:11 CST" duration-ms="8172">
      <class name="salesforcetestcases.SDFCCreateAccountTestcase">
        <test-method is-config="true" signature="SetUp()[pri:0, instance:salesforcetestcases.SDFCCreateAccountTestcase@639c2c1d]" started-at="2025-03-04T19:19:02 CST" name="SetUp" finished-at="2025-03-04T19:19:03 CST" duration-ms="240" status="PASS">
          <reporter-output>
          </reporter-output>
        </test-method> <!-- SetUp -->
        <test-method is-config="true" signature="precond()[pri:0, instance:salesforcetestcases.SDFCCreateAccountTestcase@639c2c1d]" started-at="2025-03-04T19:19:03 CST" name="precond" finished-at="2025-03-04T19:19:05 CST" duration-ms="2531" status="PASS">
          <reporter-output>
          </reporter-output>
        </test-method> <!-- precond -->
        <test-method signature="mergeaccounts_TC13(java.lang.reflect.Method)[pri:0, instance:salesforcetestcases.SDFCCreateAccountTestcase@639c2c1d]" started-at="2025-03-04T19:19:05 CST" name="mergeaccounts_TC13" finished-at="2025-03-04T19:19:11 CST" duration-ms="5612" status="PASS">
          <params>
            <param index="0">
              <value>
                <![CDATA[public void salesforcetestcases.SDFCCreateAccountTestcase.mergeaccounts_TC13(java.lang.reflect.Method) throws java.io.FileNotFoundException,java.io.IOException]]>
              </value>
            </param>
          </params>
          <reporter-output>
          </reporter-output>
        </test-method> <!-- mergeaccounts_TC13 -->
        <test-method is-config="true" signature="postcond()[pri:0, instance:salesforcetestcases.SDFCCreateAccountTestcase@639c2c1d]" started-at="2025-03-04T19:19:11 CST" name="postcond" finished-at="2025-03-04T19:19:11 CST" duration-ms="1" status="PASS">
          <reporter-output>
          </reporter-output>
        </test-method> <!-- postcond -->
        <test-method is-config="true" signature="tearDown()[pri:0, instance:salesforcetestcases.SDFCCreateAccountTestcase@639c2c1d]" started-at="2025-03-04T19:19:11 CST" name="tearDown" finished-at="2025-03-04T19:19:11 CST" duration-ms="340" status="PASS">
          <reporter-output>
          </reporter-output>
        </test-method> <!-- tearDown -->
        <test-method is-config="true" signature="teardown()[pri:0, instance:salesforcetestcases.SDFCCreateAccountTestcase@639c2c1d]" started-at="2025-03-04T19:19:11 CST" name="teardown" finished-at="2025-03-04T19:19:11 CST" duration-ms="9" status="PASS">
          <reporter-output>
          </reporter-output>
        </test-method> <!-- teardown -->
      </class> <!-- salesforcetestcases.SDFCCreateAccountTestcase -->
    </test> <!-- Default test -->
  </suite> <!-- Default suite -->
</testng-results>
